2025-07-19 17:02:27,939 - Command entered: HELP
2025-07-19 17:02:27,939 - Command entered: HELP
2025-07-19 17:02:27,939 - Command entered: HELP
2025-07-19 17:02:27,939 - Command entered: HELP
2025-07-19 17:02:27,939 - Command entered: HELP
2025-07-19 17:02:27,940 - Command entered: HELP
2025-07-19 17:02:27,940 - Command entered: HELP
2025-07-19 17:02:27,940 - Command entered: HELP
2025-07-19 17:02:27,944 - Command entered: HELP
2025-07-19 17:02:27,950 - Command entered: HELP
2025-07-19 17:02:27,955 - Command entered: HELP
2025-07-19 17:02:27,961 - Command entered: HELP
2025-07-19 17:02:27,966 - Command entered: HELP
2025-07-19 17:02:27,972 - Command entered: HELP
2025-07-19 17:02:27,977 - Command entered: HELP
2025-07-19 17:02:27,983 - Command entered: HELP
2025-07-19 17:02:27,988 - Command entered: HELP
2025-07-19 17:02:27,994 - Command entered: HELP
2025-07-19 17:02:28,000 - Command entered: HELP
2025-07-19 17:02:28,005 - Command entered: HELP
2025-07-19 17:02:28,011 - Command entered: HELP
2025-07-19 17:02:28,016 - Command entered: HELP
2025-07-19 17:02:28,022 - Command entered: HELP
2025-07-19 17:02:28,028 - Command entered: HELP
2025-07-19 17:02:28,033 - Command entered: HELP
2025-07-19 17:02:28,039 - Command entered: HELP
2025-07-19 17:02:28,044 - Command entered: HELP
2025-07-19 17:02:28,050 - Command entered: HELP
2025-07-19 17:02:28,056 - Command entered: HELP
2025-07-19 17:02:28,061 - Command entered: HELP
2025-07-19 17:02:28,067 - Command entered: HELP
2025-07-19 17:02:28,072 - Command entered: HELP
2025-07-19 17:02:28,077 - Command entered: HELP
2025-07-19 17:02:28,083 - Command entered: HELP
2025-07-19 17:02:28,088 - Command entered: HELP
2025-07-19 17:02:28,094 - Command entered: HELP
2025-07-19 17:02:28,100 - Command entered: HELP
2025-07-19 17:02:28,105 - Command entered: HELP
2025-07-19 17:02:28,111 - Command entered: HELP
2025-07-19 17:02:28,116 - Command entered: HELP
2025-07-19 17:02:28,122 - Command entered: HELP
2025-07-19 17:02:28,127 - Command entered: HELP
2025-07-19 17:02:28,133 - Command entered: HELP
2025-07-19 17:02:28,138 - Command entered: HELP
2025-07-19 17:02:28,143 - Command entered: HELP
2025-07-19 17:02:28,149 - Command entered: HELP
2025-07-19 17:02:28,155 - Command entered: HELP
2025-07-19 17:02:28,160 - Command entered: HELP
2025-07-19 17:02:28,165 - Command entered: HELP
2025-07-19 17:02:28,170 - Command entered: HELP
2025-07-19 17:02:28,176 - Command entered: HELP
2025-07-19 17:02:28,181 - Command entered: HELP
2025-07-19 17:02:28,187 - Command entered: HELP
2025-07-19 17:02:28,192 - Command entered: HELP
2025-07-19 17:02:28,198 - Command entered: HELP
2025-07-19 17:02:28,203 - Command entered: HELP
2025-07-19 17:02:28,209 - Command entered: HELP
2025-07-19 17:02:28,214 - Command entered: HELP
2025-07-19 17:02:28,219 - Command entered: HELP
2025-07-19 17:02:28,224 - Command entered: HELP
2025-07-19 17:02:28,230 - Command entered: HELP
2025-07-19 17:02:28,235 - Command entered: HELP
2025-07-19 17:02:28,241 - Command entered: HELP
2025-07-19 17:02:28,246 - Command entered: HELP
2025-07-19 17:02:28,252 - Command entered: HELP
2025-07-19 17:02:28,258 - Command entered: HELP
2025-07-19 17:02:28,264 - Command entered: HELP
2025-07-19 17:02:28,269 - Command entered: HELP
2025-07-19 17:02:28,275 - Command entered: HELP
2025-07-19 17:02:28,280 - Command entered: HELP
2025-07-19 17:02:28,286 - Command entered: HELP
2025-07-19 17:02:28,291 - Command entered: HELP
2025-07-19 17:02:28,296 - Command entered: HELP
2025-07-19 17:02:28,302 - Command entered: HELP
2025-07-19 17:02:28,307 - Command entered: HELP
2025-07-19 17:02:28,312 - Command entered: HELP
2025-07-19 17:02:28,318 - Command entered: HELP
2025-07-19 17:02:28,323 - Command entered: HELP
2025-07-19 17:02:28,329 - Command entered: HELP
2025-07-19 17:02:28,334 - Command entered: HELP
2025-07-19 17:02:28,339 - Command entered: HELP
2025-07-19 17:02:28,345 - Command entered: HELP
2025-07-19 17:02:28,350 - Command entered: HELP
2025-07-19 17:02:28,356 - Command entered: HELP
2025-07-19 17:02:28,361 - Command entered: HELP
2025-07-19 17:02:28,367 - Command entered: HELP
2025-07-19 17:02:28,372 - Command entered: HELP
2025-07-19 17:02:28,378 - Command entered: HELP
2025-07-19 17:02:28,383 - Command entered: HELP
2025-07-19 17:02:28,389 - Command entered: HELP
2025-07-19 17:02:28,394 - Command entered: HELP
2025-07-19 17:02:28,400 - Command entered: HELP
2025-07-19 17:02:28,406 - Command entered: HELP
2025-07-19 17:02:28,411 - Command entered: HELP
2025-07-19 17:02:28,417 - Command entered: HELP
2025-07-19 17:02:28,422 - Command entered: HELP
2025-07-19 17:02:28,428 - Command entered: HELP
2025-07-19 17:02:28,433 - Command entered: HELP
2025-07-19 17:02:28,439 - Command entered: HELP
2025-07-19 17:02:28,445 - Command entered: HELP
2025-07-19 17:02:28,450 - Command entered: HELP
2025-07-19 17:02:28,455 - Command entered: HELP
2025-07-19 17:02:28,461 - Command entered: HELP
2025-07-19 17:02:28,466 - Command entered: HELP
2025-07-19 17:02:28,472 - Command entered: HELP
2025-07-19 17:02:28,477 - Command entered: HELP
2025-07-19 17:02:28,483 - Command entered: HELP
2025-07-19 17:02:28,489 - Command entered: HELP
2025-07-19 17:02:28,494 - Command entered: HELP
2025-07-19 17:02:28,500 - Command entered: HELP
2025-07-19 17:02:28,505 - Command entered: HELP
2025-07-19 17:02:28,511 - Command entered: HELP
2025-07-19 17:02:28,516 - Command entered: HELP
2025-07-19 17:02:28,521 - Command entered: HELP
2025-07-19 17:02:28,526 - Command entered: HELP
2025-07-19 17:02:28,532 - Command entered: HELP
2025-07-19 17:02:28,537 - Command entered: HELP
2025-07-19 17:02:28,542 - Command entered: HELP
2025-07-19 17:02:28,548 - Command entered: HELP
2025-07-19 17:02:28,553 - Command entered: HELP
2025-07-19 17:02:28,559 - Command entered: HELP
2025-07-19 17:02:28,565 - Command entered: HELP
2025-07-19 17:02:28,570 - Command entered: HELP
2025-07-19 17:02:28,575 - Command entered: HELP
2025-07-19 17:02:28,581 - Command entered: HELP
2025-07-19 17:02:28,586 - Command entered: HELP
2025-07-19 17:02:28,592 - Command entered: HELP
2025-07-19 17:02:28,597 - Command entered: HELP
2025-07-19 17:02:28,602 - Command entered: HELP
2025-07-19 17:02:28,608 - Command entered: HELP
2025-07-19 17:02:28,613 - Command entered: HELP
2025-07-19 17:02:28,618 - Command entered: HELP
2025-07-19 17:02:28,624 - Command entered: HELP
2025-07-19 17:02:28,630 - Command entered: HELP
2025-07-19 17:02:28,635 - Command entered: HELP
2025-07-19 17:02:28,641 - Command entered: HELP
2025-07-19 17:02:28,646 - Command entered: HELP
2025-07-19 17:02:28,652 - Command entered: HELP
2025-07-19 17:02:28,657 - Command entered: HELP
2025-07-19 17:02:28,663 - Command entered: HELP
2025-07-19 17:02:28,669 - Command entered: HELP
2025-07-19 17:02:28,674 - Command entered: HELP
2025-07-19 17:02:28,680 - Command entered: HELP
2025-07-19 17:02:28,685 - Command entered: HELP
2025-07-19 17:02:28,690 - Command entered: HELP
2025-07-19 17:02:28,695 - Command entered: HELP
2025-07-19 17:02:28,701 - Command entered: HELP
2025-07-19 17:02:28,706 - Command entered: HELP
2025-07-19 17:02:28,712 - Command entered: HELP
2025-07-19 17:02:28,718 - Command entered: HELP
2025-07-19 17:02:28,723 - Command entered: HELP
2025-07-19 17:02:28,728 - Command entered: HELP
2025-07-19 17:02:28,734 - Command entered: HELP
2025-07-19 17:02:28,739 - Command entered: HELP
2025-07-19 17:02:28,745 - Command entered: HELP
2025-07-19 17:02:28,751 - Command entered: HELP
2025-07-19 17:02:28,756 - Command entered: HELP
2025-07-19 17:02:28,761 - Command entered: HELP
2025-07-19 17:02:28,766 - Command entered: HELP
2025-07-19 17:02:28,772 - Command entered: HELP
2025-07-19 17:02:28,777 - Command entered: HELP
2025-07-19 17:02:28,782 - Command entered: HELP
2025-07-19 17:02:28,788 - Command entered: HELP
2025-07-19 17:02:28,794 - Command entered: HELP
2025-07-19 17:02:28,799 - Command entered: HELP
2025-07-19 17:02:28,804 - Command entered: HELP
2025-07-19 17:02:28,810 - Command entered: HELP
2025-07-19 17:02:28,815 - Command entered: HELP
2025-07-19 17:02:28,821 - Command entered: HELP
2025-07-19 17:02:28,826 - Command entered: HELP
2025-07-19 17:02:28,831 - Command entered: HELP
2025-07-19 17:02:28,837 - Command entered: HELP
2025-07-19 17:02:28,842 - Command entered: HELP
2025-07-19 17:02:28,847 - Command entered: HELP
2025-07-19 17:02:28,853 - Command entered: HELP
2025-07-19 17:02:28,858 - Command entered: HELP
2025-07-19 17:02:28,864 - Command entered: HELP
2025-07-19 17:02:28,869 - Command entered: HELP
2025-07-19 17:02:28,874 - Command entered: HELP
2025-07-19 17:02:28,880 - Command entered: HELP
2025-07-19 17:02:28,885 - Command entered: HELP
2025-07-19 17:02:28,890 - Command entered: HELP
2025-07-19 17:02:28,895 - Command entered: HELP
2025-07-19 17:02:28,900 - Command entered: HELP
2025-07-19 17:02:28,906 - Command entered: HELP
2025-07-19 17:02:28,911 - Command entered: HELP
2025-07-19 17:02:28,916 - Command entered: HELP
2025-07-19 17:02:28,922 - Command entered: HELP
2025-07-19 17:02:28,927 - Command entered: HELP
2025-07-19 17:02:28,933 - Command entered: HELP
2025-07-19 17:02:28,938 - Command entered: HELP
2025-07-19 17:02:28,944 - Command entered: HELP
2025-07-19 17:02:28,949 - Command entered: HELP
2025-07-19 17:02:28,955 - Command entered: HELP
2025-07-19 17:02:28,960 - Command entered: HELP
2025-07-19 17:02:28,966 - Command entered: HELP
2025-07-19 17:02:28,971 - Command entered: HELP
2025-07-19 17:02:28,977 - Command entered: HELP
2025-07-19 17:02:28,982 - Command entered: HELP
2025-07-19 17:02:28,987 - Command entered: HELP
2025-07-19 17:02:28,993 - Command entered: HELP
2025-07-19 17:02:28,999 - Command entered: HELP
2025-07-19 17:02:29,004 - Command entered: HELP
2025-07-19 17:02:29,010 - Command entered: HELP
2025-07-19 17:02:29,015 - Command entered: HELP
2025-07-19 17:02:29,021 - Command entered: HELP
2025-07-19 17:02:29,026 - Command entered: HELP
2025-07-19 17:02:29,031 - Command entered: HELP
2025-07-19 17:02:29,037 - Command entered: HELP
2025-07-19 17:02:29,043 - Command entered: HELP
2025-07-19 17:02:29,048 - Command entered: HELP
2025-07-19 17:02:29,054 - Command entered: HELP
2025-07-19 17:02:29,059 - Command entered: HELP
2025-07-19 17:02:29,064 - Command entered: HELP
2025-07-19 17:02:29,070 - Command entered: HELP
2025-07-19 17:02:29,075 - Command entered: HELP
2025-07-19 17:02:29,081 - Command entered: HELP
2025-07-19 17:02:29,087 - Command entered: HELP
2025-07-19 17:02:29,092 - Command entered: HELP
2025-07-19 17:02:29,097 - Command entered: HELP
2025-07-19 17:02:29,103 - Command entered: HELP
2025-07-19 17:02:29,109 - Command entered: HELP
2025-07-19 17:02:29,114 - Command entered: HELP
2025-07-19 17:02:29,119 - Command entered: HELP
2025-07-19 17:02:29,125 - Command entered: HELP
2025-07-19 17:02:29,130 - Command entered: HELP
2025-07-19 17:02:29,135 - Command entered: HELP
2025-07-19 17:02:29,141 - Command entered: HELP
2025-07-19 17:02:29,146 - Command entered: HELP
2025-07-19 17:02:29,152 - Command entered: HELP
2025-07-19 17:02:29,157 - Command entered: HELP
2025-07-19 17:02:29,163 - Command entered: HELP
2025-07-19 17:02:29,168 - Command entered: HELP
2025-07-19 17:02:29,174 - Command entered: HELP
2025-07-19 17:02:29,179 - Command entered: HELP
2025-07-19 17:02:29,184 - Command entered: HELP
2025-07-19 17:02:29,190 - Command entered: HELP
2025-07-19 17:02:29,195 - Command entered: HELP
2025-07-19 17:02:29,201 - Command entered: HELP
2025-07-19 17:02:29,206 - Command entered: HELP
2025-07-19 17:02:29,211 - Command entered: HELP
2025-07-19 17:02:29,216 - Command entered: HELP
2025-07-19 17:02:29,222 - Command entered: HELP
2025-07-19 17:02:29,227 - Command entered: HELP
2025-07-19 17:02:29,233 - Command entered: HELP
2025-07-19 17:02:29,238 - Command entered: HELP
2025-07-19 17:02:29,244 - Command entered: HELP
2025-07-19 17:02:29,249 - Command entered: HELP
2025-07-19 17:02:29,255 - Command entered: HELP
2025-07-19 17:02:29,261 - Command entered: HELP
2025-07-19 17:02:29,266 - Command entered: HELP
2025-07-19 17:02:29,272 - Command entered: HELP
2025-07-19 17:02:29,277 - Command entered: HELP
2025-07-19 17:02:29,283 - Command entered: HELP
2025-07-19 17:02:29,288 - Command entered: HELP
2025-07-19 17:02:29,293 - Command entered: HELP
2025-07-19 17:02:29,299 - Command entered: HELP
2025-07-19 17:02:29,304 - Command entered: HELP
2025-07-19 17:02:29,309 - Command entered: HELP
2025-07-19 17:02:29,315 - Command entered: HELP
2025-07-19 17:02:29,320 - Command entered: HELP
2025-07-19 17:02:29,325 - Command entered: HELP
2025-07-19 17:02:29,330 - Command entered: HELP
2025-07-19 17:02:29,336 - Command entered: HELP
2025-07-19 17:02:29,342 - Command entered: HELP
2025-07-19 17:02:29,347 - Command entered: HELP
2025-07-19 17:02:29,352 - Command entered: HELP
2025-07-19 17:02:29,357 - Command entered: HELP
2025-07-19 17:02:29,363 - Command entered: HELP
2025-07-19 17:02:29,369 - Command entered: HELP
2025-07-19 17:02:29,374 - Command entered: HELP
2025-07-19 17:02:29,379 - Command entered: HELP
2025-07-19 17:02:29,385 - Command entered: HELP
2025-07-19 17:02:29,390 - Command entered: HELP
2025-07-19 17:02:29,396 - Command entered: HELP
2025-07-19 17:02:29,401 - Command entered: HELP
2025-07-19 17:02:29,407 - Command entered: HELP
2025-07-19 17:02:29,412 - Command entered: HELP
2025-07-19 17:02:29,417 - Command entered: HELP
2025-07-19 17:02:29,422 - Command entered: HELP
2025-07-19 17:02:29,428 - Command entered: HELP
2025-07-19 17:02:29,433 - Command entered: HELP
2025-07-19 17:02:29,438 - Command entered: HELP
2025-07-19 17:02:29,444 - Command entered: HELP
2025-07-19 17:02:29,449 - Command entered: HELP
2025-07-19 17:02:29,454 - Command entered: HELP
2025-07-19 17:02:29,460 - Command entered: HELP
2025-07-19 17:02:29,465 - Command entered: HELP
2025-07-19 17:02:29,470 - Command entered: HELP
2025-07-19 17:02:29,476 - Command entered: HELP
2025-07-19 17:02:29,481 - Command entered: HELP
2025-07-19 17:02:29,487 - Command entered: HELP
2025-07-19 17:02:29,492 - Command entered: HELP
2025-07-19 17:02:29,498 - Command entered: HELP
2025-07-19 17:02:29,503 - Command entered: HELP
2025-07-19 17:02:29,509 - Command entered: HELP
2025-07-19 17:02:29,514 - Command entered: HELP
2025-07-19 17:02:29,520 - Command entered: HELP
2025-07-19 17:02:29,525 - Command entered: HELP
2025-07-19 17:02:29,531 - Command entered: HELP
2025-07-19 17:02:29,536 - Command entered: HELP
2025-07-19 17:02:29,542 - Command entered: HELP
2025-07-19 17:02:29,548 - Command entered: HELP
2025-07-19 17:02:29,553 - Command entered: HELP
2025-07-19 17:02:29,558 - Command entered: HELP
2025-07-19 17:02:29,564 - Command entered: HELP
2025-07-19 17:02:29,569 - Command entered: HELP
2025-07-19 17:02:29,575 - Command entered: HELP
2025-07-19 17:02:29,580 - Command entered: HELP
2025-07-19 17:02:29,585 - Command entered: HELP
2025-07-19 17:02:29,591 - Command entered: HELP
2025-07-19 17:02:29,596 - Command entered: HELP
2025-07-19 17:02:29,602 - Command entered: HELP
2025-07-19 17:02:29,607 - Command entered: HELP
2025-07-19 17:02:29,613 - Command entered: HELP
2025-07-19 17:02:29,618 - Command entered: HELP
2025-07-19 17:02:29,623 - Command entered: HELP
2025-07-19 17:02:29,629 - Command entered: HELP
2025-07-19 17:02:29,634 - Command entered: HELP
2025-07-19 17:02:29,640 - Command entered: HELP
2025-07-19 17:02:29,645 - Command entered: HELP
2025-07-19 17:02:29,650 - Command entered: HELP
2025-07-19 17:02:29,656 - Command entered: HELP
2025-07-19 17:02:29,662 - Command entered: HELP
2025-07-19 17:02:29,667 - Command entered: HELP
2025-07-19 17:02:29,673 - Command entered: HELP
2025-07-19 17:02:29,678 - Command entered: HELP
2025-07-19 17:02:29,684 - Command entered: HELP
2025-07-19 17:02:29,689 - Command entered: HELP
2025-07-19 17:02:29,695 - Command entered: HELP
2025-07-19 17:02:29,700 - Command entered: HELP
2025-07-19 17:02:29,706 - Command entered: HELP
2025-07-19 17:02:29,711 - Command entered: HELP
2025-07-19 17:02:29,717 - Command entered: HELP
2025-07-19 17:02:29,722 - Command entered: HELP
2025-07-19 17:02:29,728 - Command entered: HELP
2025-07-19 17:02:29,734 - Command entered: HELP
2025-07-19 17:02:29,739 - Command entered: HELP
2025-07-19 17:02:29,744 - Command entered: HELP
2025-07-19 17:02:29,749 - Command entered: HELP
2025-07-19 17:02:29,755 - Command entered: HELP
2025-07-19 17:02:29,760 - Command entered: HELP
2025-07-19 17:02:29,766 - Command entered: HELP
2025-07-19 17:02:29,771 - Command entered: HELP
2025-07-19 17:02:29,776 - Command entered: HELP
2025-07-19 17:02:29,782 - Command entered: HELP
2025-07-19 17:02:29,787 - Command entered: HELP
2025-07-19 17:02:29,792 - Command entered: HELP
2025-07-19 17:02:29,797 - Command entered: HELP
2025-07-19 17:02:29,803 - Command entered: HELP
2025-07-19 17:02:29,808 - Command entered: HELP
2025-07-19 17:02:29,813 - Command entered: HELP
2025-07-19 17:02:29,818 - Command entered: HELP
2025-07-19 17:02:29,824 - Command entered: HELP
2025-07-19 17:02:29,829 - Command entered: HELP
2025-07-19 17:02:29,834 - Command entered: HELP
2025-07-19 17:02:29,840 - Command entered: HELP
2025-07-19 17:02:29,845 - Command entered: HELP
2025-07-19 17:02:29,850 - Command entered: HELP
2025-07-19 17:02:29,856 - Command entered: HELP
2025-07-19 17:02:29,861 - Command entered: HELP
2025-07-19 17:02:29,867 - Command entered: HELP
2025-07-19 17:02:29,872 - Command entered: HELP
2025-07-19 17:02:29,878 - Command entered: HELP
2025-07-19 17:02:29,883 - Command entered: HELP
2025-07-19 17:02:29,888 - Command entered: HELP
2025-07-19 17:02:29,894 - Command entered: HELP
2025-07-19 17:02:29,899 - Command entered: HELP
2025-07-19 17:02:29,904 - Command entered: HELP
2025-07-19 17:02:29,909 - Command entered: HELP
2025-07-19 17:02:29,914 - Command entered: HELP
2025-07-19 17:02:29,920 - Command entered: HELP
2025-07-19 17:02:29,925 - Command entered: HELP
2025-07-19 17:02:29,931 - Command entered: HELP
2025-07-19 17:02:29,936 - Command entered: HELP
2025-07-19 17:02:29,941 - Command entered: HELP
2025-07-19 17:02:29,947 - Command entered: HELP
2025-07-19 17:02:29,953 - Command entered: HELP
2025-07-19 17:02:29,959 - Command entered: HELP
2025-07-19 17:02:29,964 - Command entered: HELP
2025-07-19 17:02:29,970 - Command entered: HELP
2025-07-19 17:02:29,976 - Command entered: HELP
2025-07-19 17:02:29,981 - Command entered: HELP
2025-07-19 17:02:29,987 - Command entered: HELP
2025-07-19 17:02:29,992 - Command entered: HELP
2025-07-19 17:02:29,998 - Command entered: HELP
2025-07-19 17:02:30,004 - Command entered: HELP
2025-07-19 17:02:30,009 - Command entered: HELP
2025-07-19 17:02:30,015 - Command entered: HELP
2025-07-19 17:02:30,021 - Command entered: HELP
2025-07-19 17:02:30,026 - Command entered: HELP
2025-07-19 17:02:30,032 - Command entered: HELP
2025-07-19 17:02:30,038 - Command entered: HELP
2025-07-19 17:02:30,043 - Command entered: HELP
2025-07-19 17:02:30,049 - Command entered: HELP
2025-07-19 17:02:30,054 - Command entered: HELP
2025-07-19 17:02:30,060 - Command entered: HELP
2025-07-19 17:02:30,065 - Command entered: HELP
2025-07-19 17:02:30,071 - Command entered: HELP
2025-07-19 17:02:30,076 - Command entered: HELP
2025-07-19 17:02:30,082 - Command entered: HELP
2025-07-19 17:02:30,088 - Command entered: HELP
2025-07-19 17:02:30,093 - Command entered: HELP
2025-07-19 17:02:30,098 - Command entered: HELP
2025-07-19 17:02:30,104 - Command entered: HELP
2025-07-19 17:02:30,109 - Command entered: HELP
2025-07-19 17:02:30,115 - Command entered: HELP
2025-07-19 17:02:30,120 - Command entered: HELP
2025-07-19 17:02:30,126 - Command entered: HELP
2025-07-19 17:02:30,131 - Command entered: HELP
2025-07-19 17:02:30,137 - Command entered: HELP
2025-07-19 17:02:30,143 - Command entered: HELP
2025-07-19 17:02:30,148 - Command entered: HELP
2025-07-19 17:02:30,153 - Command entered: HELP
2025-07-19 17:02:30,159 - Command entered: HELP
2025-07-19 17:02:30,164 - Command entered: HELP
2025-07-19 17:02:30,169 - Command entered: HELP
2025-07-19 17:02:30,175 - Command entered: HELP
2025-07-19 17:02:30,180 - Command entered: HELP
2025-07-19 17:02:30,186 - Command entered: HELP
2025-07-19 17:02:30,191 - Command entered: HELP
2025-07-19 17:02:30,197 - Command entered: HELP
2025-07-19 17:02:30,202 - Command entered: HELP
2025-07-19 17:02:30,207 - Command entered: HELP
2025-07-19 17:02:30,213 - Command entered: HELP
2025-07-19 17:02:30,218 - Command entered: HELP
2025-07-19 17:02:30,223 - Command entered: HELP
2025-07-19 17:02:30,229 - Command entered: HELP
2025-07-19 17:02:30,234 - Command entered: HELP
2025-07-19 17:02:30,240 - Command entered: HELP
2025-07-19 17:02:30,245 - Command entered: HELP
2025-07-19 17:02:30,250 - Command entered: HELP
2025-07-19 17:02:30,256 - Command entered: HELP
2025-07-19 17:02:30,261 - Command entered: HELP
2025-07-19 17:02:30,266 - Command entered: HELP
2025-07-19 17:02:30,271 - Command entered: HELP
2025-07-19 17:02:30,277 - Command entered: HELP
2025-07-19 17:02:30,282 - Command entered: HELP
2025-07-19 17:02:30,288 - Command entered: HELP
2025-07-19 17:02:30,293 - Command entered: HELP
2025-07-19 17:02:30,298 - Command entered: HELP
2025-07-19 17:02:30,304 - Command entered: HELP
2025-07-19 17:02:30,309 - Command entered: HELP
2025-07-19 17:02:30,315 - Command entered: HELP
2025-07-19 17:02:30,320 - Command entered: HELP
2025-07-19 17:02:30,325 - Command entered: HELP
2025-07-19 17:02:30,331 - Command entered: HELP
2025-07-19 17:02:30,336 - Command entered: HELP
2025-07-19 17:02:30,342 - Command entered: HELP
2025-07-19 17:02:30,346 - Command entered: HELP
2025-07-19 17:02:30,352 - Command entered: HELP
2025-07-19 17:02:30,357 - Command entered: HELP
2025-07-19 17:02:30,363 - Command entered: HELP
2025-07-19 17:02:30,368 - Command entered: HELP
2025-07-19 17:02:30,373 - Command entered: HELP
2025-07-19 17:02:30,378 - Command entered: HELP
2025-07-19 17:02:30,383 - Command entered: HELP
2025-07-19 17:02:30,388 - Command entered: HELP
2025-07-19 17:02:30,394 - Command entered: HELP
2025-07-19 17:02:30,399 - Command entered: HELP
2025-07-19 17:02:30,405 - Command entered: HELP
2025-07-19 17:02:30,410 - Command entered: HELP
2025-07-19 17:02:30,416 - Command entered: HELP
2025-07-19 17:02:30,421 - Command entered: HELP
2025-07-19 17:02:30,427 - Command entered: HELP
2025-07-19 17:02:30,432 - Command entered: HELP
2025-07-19 17:02:30,438 - Command entered: HELP
2025-07-19 17:02:30,444 - Command entered: HELP
2025-07-19 17:02:30,449 - Command entered: HELP
2025-07-19 17:02:30,455 - Command entered: HELP
2025-07-19 17:02:30,460 - Command entered: HELP
2025-07-19 17:02:30,465 - Command entered: HELP
2025-07-19 17:02:30,471 - Command entered: HELP
2025-07-19 17:02:30,477 - Command entered: HELP
2025-07-19 17:02:30,482 - Command entered: HELP
2025-07-19 17:02:30,488 - Command entered: HELP
2025-07-19 17:02:30,494 - Command entered: HELP
2025-07-19 17:02:30,499 - Command entered: HELP
2025-07-19 17:02:30,505 - Command entered: HELP
2025-07-19 17:02:30,510 - Command entered: HELP
2025-07-19 17:02:30,516 - Command entered: HELP
2025-07-19 17:02:30,522 - Command entered: HELP
2025-07-19 17:02:30,527 - Command entered: HELP
2025-07-19 17:02:30,533 - Command entered: HELP
2025-07-19 17:02:30,539 - Command entered: HELP
2025-07-19 17:02:30,544 - Command entered: HELP
2025-07-19 17:02:30,549 - Command entered: HELP
2025-07-19 17:02:30,555 - Command entered: HELP
2025-07-19 17:02:30,560 - Command entered: HELP
2025-07-19 17:02:30,566 - Command entered: HELP
2025-07-19 17:02:30,571 - Command entered: HELP
2025-07-19 17:02:30,577 - Command entered: HELP
2025-07-19 17:02:30,582 - Command entered: HELP
2025-07-19 17:02:30,588 - Command entered: HELP
2025-07-19 17:02:30,594 - Command entered: HELP
2025-07-19 17:02:30,599 - Command entered: HELP
2025-07-19 17:02:30,604 - Command entered: HELP
2025-07-19 17:02:30,610 - Command entered: HELP
2025-07-19 17:02:30,615 - Command entered: HELP
2025-07-19 17:02:30,620 - Command entered: HELP
2025-07-19 17:06:21,644 - Command entered: HELP
2025-07-19 17:06:24,842 - Command entered: LIST
2025-07-19 17:06:31,390 - Command entered: HELP
2025-07-19 17:06:33,741 - Command entered: ADD
2025-07-19 17:06:57,999 - Command entered: LEAVE
2025-07-19 17:07:03,622 - Command entered: DROP
2025-07-19 17:07:08,202 - Command entered: ADD
2025-07-19 17:07:19,052 - Command entered: ADD
2025-07-19 17:07:37,928 - Command entered: EXIT
2025-07-19 17:08:22,453 - Command entered: HELP
2025-07-19 17:08:22,453 - Command entered: HELP
2025-07-19 17:08:22,454 - Command entered: HELP
2025-07-19 17:08:22,454 - Command entered: HELP
2025-07-19 17:08:22,454 - Command entered: HELP
2025-07-19 17:08:22,454 - Command entered: HELP
2025-07-19 17:08:22,454 - Command entered: HELP
2025-07-19 17:08:22,455 - Command entered: HELP
2025-07-19 17:08:22,455 - Command entered: HELP
2025-07-19 17:08:22,455 - Command entered: HELP
2025-07-19 17:08:22,458 - Command entered: HELP
2025-07-19 17:08:22,464 - Command entered: HELP
2025-07-19 17:08:22,469 - Command entered: HELP
2025-07-19 17:08:22,475 - Command entered: HELP
2025-07-19 17:08:22,480 - Command entered: HELP
2025-07-19 17:08:22,486 - Command entered: HELP
2025-07-19 17:08:22,492 - Command entered: HELP
2025-07-19 17:08:22,497 - Command entered: HELP
2025-07-19 17:08:22,503 - Command entered: HELP
2025-07-19 17:08:22,508 - Command entered: HELP
2025-07-19 17:08:22,513 - Command entered: HELP
2025-07-19 17:08:22,519 - Command entered: HELP
2025-07-19 17:08:22,524 - Command entered: HELP
2025-07-19 17:08:22,529 - Command entered: HELP
2025-07-19 17:08:22,534 - Command entered: HELP
2025-07-19 17:08:22,540 - Command entered: HELP
2025-07-19 17:08:22,545 - Command entered: HELP
2025-07-19 17:08:22,551 - Command entered: HELP
2025-07-19 17:08:22,556 - Command entered: HELP
2025-07-19 17:08:22,561 - Command entered: HELP
2025-07-19 17:08:22,567 - Command entered: HELP
2025-07-19 17:08:22,572 - Command entered: HELP
2025-07-19 17:08:22,578 - Command entered: HELP
2025-07-19 17:08:22,583 - Command entered: HELP
2025-07-19 17:08:22,589 - Command entered: HELP
2025-07-19 17:08:22,594 - Command entered: HELP
2025-07-19 17:08:22,600 - Command entered: HELP
2025-07-19 17:08:22,605 - Command entered: HELP
2025-07-19 17:08:22,611 - Command entered: HELP
2025-07-19 17:08:22,616 - Command entered: HELP
2025-07-19 17:08:22,622 - Command entered: HELP
2025-07-19 17:08:22,627 - Command entered: HELP
2025-07-19 17:08:22,633 - Command entered: HELP
2025-07-19 17:08:22,638 - Command entered: HELP
2025-07-19 17:08:22,644 - Command entered: HELP
2025-07-19 17:08:22,649 - Command entered: HELP
2025-07-19 17:08:22,655 - Command entered: HELP
2025-07-19 17:08:22,660 - Command entered: HELP
2025-07-19 17:08:22,666 - Command entered: HELP
2025-07-19 17:08:22,671 - Command entered: HELP
2025-07-19 17:08:22,677 - Command entered: HELP
2025-07-19 17:08:22,683 - Command entered: HELP
2025-07-19 17:08:22,688 - Command entered: HELP
2025-07-19 17:08:22,694 - Command entered: HELP
2025-07-19 17:08:22,699 - Command entered: HELP
2025-07-19 17:08:22,705 - Command entered: HELP
2025-07-19 17:08:22,710 - Command entered: HELP
2025-07-19 17:08:22,716 - Command entered: HELP
2025-07-19 17:08:22,721 - Command entered: HELP
2025-07-19 17:08:22,727 - Command entered: HELP
2025-07-19 17:08:22,732 - Command entered: HELP
2025-07-19 17:08:22,738 - Command entered: HELP
2025-07-19 17:08:22,743 - Command entered: HELP
2025-07-19 17:08:22,749 - Command entered: HELP
2025-07-19 17:08:22,754 - Command entered: HELP
2025-07-19 17:08:22,760 - Command entered: HELP
2025-07-19 17:08:22,765 - Command entered: HELP
2025-07-19 17:08:22,771 - Command entered: HELP
2025-07-19 17:08:22,776 - Command entered: HELP
2025-07-19 17:08:22,782 - Command entered: HELP
2025-07-19 17:08:22,787 - Command entered: HELP
2025-07-19 17:08:22,793 - Command entered: HELP
2025-07-19 17:08:22,798 - Command entered: HELP
2025-07-19 17:08:22,804 - Command entered: HELP
2025-07-19 17:08:22,809 - Command entered: HELP
2025-07-19 17:08:22,815 - Command entered: HELP
2025-07-19 17:08:22,820 - Command entered: HELP
2025-07-19 17:08:22,826 - Command entered: HELP
2025-07-19 17:08:22,831 - Command entered: HELP
2025-07-19 17:08:22,837 - Command entered: HELP
2025-07-19 17:08:22,842 - Command entered: HELP
2025-07-19 17:08:22,848 - Command entered: HELP
2025-07-19 17:08:22,853 - Command entered: HELP
2025-07-19 17:08:22,859 - Command entered: HELP
2025-07-19 17:08:22,864 - Command entered: HELP
2025-07-19 17:08:22,870 - Command entered: HELP
2025-07-19 17:08:22,875 - Command entered: HELP
2025-07-19 17:08:22,881 - Command entered: HELP
2025-07-19 17:08:22,886 - Command entered: HELP
2025-07-19 17:08:22,892 - Command entered: HELP
2025-07-19 17:08:22,897 - Command entered: HELP
2025-07-19 17:08:22,903 - Command entered: HELP
2025-07-19 17:08:22,909 - Command entered: HELP
2025-07-19 17:08:22,914 - Command entered: HELP
2025-07-19 17:08:22,920 - Command entered: HELP
2025-07-19 17:08:22,925 - Command entered: HELP
2025-07-19 17:08:22,931 - Command entered: HELP
2025-07-19 17:08:22,936 - Command entered: HELP
2025-07-19 17:08:22,942 - Command entered: HELP
2025-07-19 17:08:22,947 - Command entered: HELP
2025-07-19 17:08:22,953 - Command entered: HELP
2025-07-19 17:08:22,958 - Command entered: HELP
2025-07-19 17:08:22,964 - Command entered: HELP
2025-07-19 17:08:22,969 - Command entered: HELP
2025-07-19 17:08:22,975 - Command entered: HELP
2025-07-19 17:08:22,981 - Command entered: HELP
2025-07-19 17:08:22,986 - Command entered: HELP
2025-07-19 17:08:22,992 - Command entered: HELP
2025-07-19 17:08:22,997 - Command entered: HELP
2025-07-19 17:08:23,003 - Command entered: HELP
2025-07-19 17:08:23,008 - Command entered: HELP
2025-07-19 17:08:23,014 - Command entered: HELP
2025-07-19 17:08:23,019 - Command entered: HELP
2025-07-19 17:08:23,025 - Command entered: HELP
2025-07-19 17:08:23,030 - Command entered: HELP
2025-07-19 17:08:23,035 - Command entered: HELP
2025-07-19 17:08:23,041 - Command entered: HELP
2025-07-19 17:08:23,046 - Command entered: HELP
2025-07-19 17:08:23,052 - Command entered: HELP
2025-07-19 17:08:23,057 - Command entered: HELP
2025-07-19 17:08:23,063 - Command entered: HELP
2025-07-19 17:08:23,068 - Command entered: HELP
2025-07-19 17:08:23,074 - Command entered: HELP
2025-07-19 17:08:23,080 - Command entered: HELP
2025-07-19 17:08:23,085 - Command entered: HELP
2025-07-19 17:08:23,091 - Command entered: HELP
2025-07-19 17:08:23,096 - Command entered: HELP
2025-07-19 17:08:23,102 - Command entered: HELP
2025-07-19 17:08:23,107 - Command entered: HELP
2025-07-19 17:08:23,113 - Command entered: HELP
2025-07-19 17:08:23,118 - Command entered: HELP
2025-07-19 17:08:23,124 - Command entered: HELP
2025-07-19 17:08:23,129 - Command entered: HELP
2025-07-19 17:08:23,135 - Command entered: HELP
2025-07-19 17:08:23,140 - Command entered: HELP
2025-07-19 17:08:23,146 - Command entered: HELP
2025-07-19 17:08:23,151 - Command entered: HELP
2025-07-19 17:08:23,157 - Command entered: HELP
2025-07-19 17:08:23,163 - Command entered: HELP
2025-07-19 17:08:23,168 - Command entered: HELP
2025-07-19 17:08:23,174 - Command entered: HELP
2025-07-19 17:08:23,179 - Command entered: HELP
2025-07-19 17:08:23,185 - Command entered: HELP
2025-07-19 17:08:23,190 - Command entered: HELP
2025-07-19 17:08:23,196 - Command entered: HELP
2025-07-19 17:08:23,201 - Command entered: HELP
2025-07-19 17:08:23,207 - Command entered: HELP
2025-07-19 17:08:23,212 - Command entered: HELP
2025-07-19 17:08:23,218 - Command entered: HELP
2025-07-19 17:08:23,223 - Command entered: HELP
2025-07-19 17:08:23,229 - Command entered: HELP
2025-07-19 17:08:23,234 - Command entered: HELP
2025-07-19 17:08:23,240 - Command entered: HELP
2025-07-19 17:08:23,245 - Command entered: HELP
2025-07-19 17:08:23,250 - Command entered: HELP
2025-07-19 17:08:23,256 - Command entered: HELP
2025-07-19 17:08:23,261 - Command entered: HELP
2025-07-19 17:08:23,266 - Command entered: HELP
2025-07-19 17:08:23,272 - Command entered: HELP
2025-07-19 17:08:23,277 - Command entered: HELP
2025-07-19 17:08:23,283 - Command entered: HELP
2025-07-19 17:08:23,288 - Command entered: HELP
2025-07-19 17:08:23,294 - Command entered: HELP
2025-07-19 17:08:23,300 - Command entered: HELP
2025-07-19 17:08:23,305 - Command entered: HELP
2025-07-19 17:08:23,311 - Command entered: HELP
2025-07-19 17:08:23,316 - Command entered: HELP
2025-07-19 17:08:23,322 - Command entered: HELP
2025-07-19 17:08:23,327 - Command entered: HELP
2025-07-19 17:08:23,333 - Command entered: HELP
2025-07-19 17:08:23,338 - Command entered: HELP
2025-07-19 17:08:23,344 - Command entered: HELP
2025-07-19 17:08:23,349 - Command entered: HELP
2025-07-19 17:08:23,355 - Command entered: HELP
2025-07-19 17:08:23,360 - Command entered: HELP
2025-07-19 17:08:23,366 - Command entered: HELP
2025-07-19 17:08:23,371 - Command entered: HELP
2025-07-19 17:08:23,377 - Command entered: HELP
2025-07-19 17:08:23,382 - Command entered: HELP
2025-07-19 17:08:23,388 - Command entered: HELP
2025-07-19 17:08:23,393 - Command entered: HELP
2025-07-19 17:08:23,399 - Command entered: HELP
2025-07-19 17:08:23,404 - Command entered: HELP
2025-07-19 17:08:23,410 - Command entered: HELP
2025-07-19 17:08:23,416 - Command entered: HELP
2025-07-19 17:08:23,421 - Command entered: HELP
2025-07-19 17:08:23,427 - Command entered: HELP
2025-07-19 17:08:23,432 - Command entered: HELP
2025-07-19 17:08:23,438 - Command entered: HELP
2025-07-19 17:08:23,443 - Command entered: HELP
2025-07-19 17:08:23,449 - Command entered: HELP
2025-07-19 17:08:23,454 - Command entered: HELP
2025-07-19 17:08:23,460 - Command entered: HELP
2025-07-19 17:08:23,465 - Command entered: HELP
2025-07-19 17:08:23,471 - Command entered: HELP
2025-07-19 17:08:23,477 - Command entered: HELP
2025-07-19 17:08:23,482 - Command entered: HELP
2025-07-19 17:08:23,487 - Command entered: HELP
2025-07-19 17:08:23,493 - Command entered: HELP
2025-07-19 17:08:23,499 - Command entered: HELP
2025-07-19 17:08:23,504 - Command entered: HELP
2025-07-19 17:08:23,510 - Command entered: HELP
2025-07-19 17:08:23,515 - Command entered: HELP
2025-07-19 17:08:23,521 - Command entered: HELP
2025-07-19 17:08:23,526 - Command entered: HELP
2025-07-19 17:08:23,532 - Command entered: HELP
2025-07-19 17:08:23,537 - Command entered: HELP
2025-07-19 17:08:23,543 - Command entered: HELP
2025-07-19 17:08:23,548 - Command entered: HELP
2025-07-19 17:08:23,554 - Command entered: HELP
2025-07-19 17:08:23,559 - Command entered: HELP
2025-07-19 17:08:23,565 - Command entered: HELP
2025-07-19 17:08:23,570 - Command entered: HELP
2025-07-19 17:08:23,576 - Command entered: HELP
2025-07-19 17:08:23,581 - Command entered: HELP
2025-07-19 17:08:23,587 - Command entered: HELP
2025-07-19 17:08:23,592 - Command entered: HELP
2025-07-19 17:08:23,598 - Command entered: HELP
2025-07-19 17:08:23,603 - Command entered: HELP
2025-07-19 17:08:23,609 - Command entered: HELP
2025-07-19 17:08:23,614 - Command entered: HELP
2025-07-19 17:08:23,620 - Command entered: HELP
2025-07-19 17:08:23,626 - Command entered: HELP
2025-07-19 17:08:23,631 - Command entered: HELP
2025-07-19 17:08:23,637 - Command entered: HELP
2025-07-19 17:08:23,642 - Command entered: HELP
2025-07-19 17:08:23,648 - Command entered: HELP
2025-07-19 17:08:23,653 - Command entered: HELP
2025-07-19 17:08:23,659 - Command entered: HELP
2025-07-19 17:08:23,664 - Command entered: HELP
2025-07-19 17:08:23,670 - Command entered: HELP
2025-07-19 17:08:23,675 - Command entered: HELP
2025-07-19 17:08:23,681 - Command entered: HELP
2025-07-19 17:08:23,687 - Command entered: HELP
2025-07-19 17:08:23,692 - Command entered: HELP
2025-07-19 17:08:23,697 - Command entered: HELP
2025-07-19 17:08:23,703 - Command entered: HELP
2025-07-19 17:08:23,709 - Command entered: HELP
2025-07-19 17:08:23,714 - Command entered: HELP
2025-07-19 17:08:23,720 - Command entered: HELP
2025-07-19 17:08:23,725 - Command entered: HELP
2025-07-19 17:08:23,731 - Command entered: HELP
2025-07-19 17:08:23,736 - Command entered: HELP
2025-07-19 17:08:23,742 - Command entered: HELP
2025-07-19 17:08:23,747 - Command entered: HELP
2025-07-19 17:08:23,753 - Command entered: HELP
2025-07-19 17:08:23,758 - Command entered: HELP
2025-07-19 17:08:23,764 - Command entered: HELP
2025-07-19 17:08:23,769 - Command entered: HELP
2025-07-19 17:08:23,775 - Command entered: HELP
2025-07-19 17:08:23,780 - Command entered: HELP
2025-07-19 17:08:23,786 - Command entered: HELP
2025-07-19 17:08:23,791 - Command entered: HELP
2025-07-19 17:08:23,797 - Command entered: HELP
2025-07-19 17:08:23,802 - Command entered: HELP
2025-07-19 17:08:23,808 - Command entered: HELP
2025-07-19 17:08:23,813 - Command entered: HELP
2025-07-19 17:08:23,819 - Command entered: HELP
2025-07-19 17:08:23,824 - Command entered: HELP
2025-07-19 17:08:23,830 - Command entered: HELP
2025-07-19 17:08:23,836 - Command entered: HELP
2025-07-19 17:08:23,841 - Command entered: HELP
2025-07-19 17:08:23,847 - Command entered: HELP
2025-07-19 17:08:23,852 - Command entered: HELP
2025-07-19 17:08:23,857 - Command entered: HELP
2025-07-19 17:08:23,863 - Command entered: HELP
2025-07-19 17:08:23,868 - Command entered: HELP
2025-07-19 17:08:23,874 - Command entered: HELP
2025-07-19 17:08:23,879 - Command entered: HELP
2025-07-19 17:08:23,885 - Command entered: HELP
2025-07-19 17:08:23,890 - Command entered: HELP
2025-07-19 17:08:23,896 - Command entered: HELP
2025-07-19 17:08:23,901 - Command entered: HELP
2025-07-19 17:08:23,907 - Command entered: HELP
2025-07-19 17:08:23,913 - Command entered: HELP
2025-07-19 17:08:23,918 - Command entered: HELP
2025-07-19 17:08:23,924 - Command entered: HELP
2025-07-19 17:08:23,929 - Command entered: HELP
2025-07-19 17:08:23,935 - Command entered: HELP
2025-07-19 17:08:23,940 - Command entered: HELP
2025-07-19 17:08:23,946 - Command entered: HELP
2025-07-19 17:08:23,951 - Command entered: HELP
2025-07-19 17:08:23,957 - Command entered: HELP
2025-07-19 17:08:23,962 - Command entered: HELP
2025-07-19 17:08:23,968 - Command entered: HELP
2025-07-19 17:08:23,973 - Command entered: HELP
2025-07-19 17:08:23,979 - Command entered: HELP
2025-07-19 17:08:23,984 - Command entered: HELP
2025-07-19 17:08:23,990 - Command entered: HELP
2025-07-19 17:08:23,995 - Command entered: HELP
2025-07-19 17:08:24,001 - Command entered: HELP
2025-07-19 17:08:24,006 - Command entered: HELP
2025-07-19 17:08:24,012 - Command entered: HELP
2025-07-19 17:08:24,018 - Command entered: HELP
2025-07-19 17:08:24,023 - Command entered: HELP
2025-07-19 17:08:24,029 - Command entered: HELP
2025-07-19 17:08:24,034 - Command entered: HELP
2025-07-19 17:08:24,040 - Command entered: HELP
2025-07-19 17:08:24,045 - Command entered: HELP
2025-07-19 17:08:24,051 - Command entered: HELP
2025-07-19 17:08:24,056 - Command entered: HELP
2025-07-19 17:08:24,062 - Command entered: HELP
2025-07-19 17:08:24,067 - Command entered: HELP
2025-07-19 17:08:24,073 - Command entered: HELP
2025-07-19 17:08:24,078 - Command entered: HELP
2025-07-19 17:08:24,084 - Command entered: HELP
2025-07-19 17:08:24,089 - Command entered: HELP
2025-07-19 17:08:24,095 - Command entered: HELP
2025-07-19 17:08:24,101 - Command entered: HELP
2025-07-19 17:08:24,106 - Command entered: HELP
2025-07-19 17:08:24,112 - Command entered: HELP
2025-07-19 17:08:24,117 - Command entered: HELP
2025-07-19 17:08:24,122 - Command entered: HELP
2025-07-19 17:08:24,128 - Command entered: HELP
2025-07-19 17:08:24,133 - Command entered: HELP
2025-07-19 17:08:24,139 - Command entered: HELP
2025-07-19 17:08:24,144 - Command entered: HELP
2025-07-19 17:08:24,150 - Command entered: HELP
2025-07-19 17:08:24,155 - Command entered: HELP
2025-07-19 17:08:24,161 - Command entered: HELP
2025-07-19 17:08:24,166 - Command entered: HELP
2025-07-19 17:08:24,172 - Command entered: HELP
2025-07-19 17:08:24,177 - Command entered: HELP
2025-07-19 17:08:24,183 - Command entered: HELP
2025-07-19 17:08:24,188 - Command entered: HELP
2025-07-19 17:08:24,194 - Command entered: HELP
2025-07-19 17:08:24,199 - Command entered: HELP
2025-07-19 17:08:24,205 - Command entered: HELP
2025-07-19 17:08:24,210 - Command entered: HELP
2025-07-19 17:08:24,215 - Command entered: HELP
2025-07-19 17:08:24,221 - Command entered: HELP
2025-07-19 17:08:24,227 - Command entered: HELP
2025-07-19 17:08:24,232 - Command entered: HELP
2025-07-19 17:08:24,238 - Command entered: HELP
2025-07-19 17:08:24,243 - Command entered: HELP
2025-07-19 17:08:24,248 - Command entered: HELP
2025-07-19 17:08:24,254 - Command entered: HELP
2025-07-19 17:08:24,259 - Command entered: HELP
2025-07-19 17:08:24,265 - Command entered: HELP
2025-07-19 17:08:24,270 - Command entered: HELP
2025-07-19 17:08:24,276 - Command entered: HELP
2025-07-19 17:08:24,281 - Command entered: HELP
2025-07-19 17:08:24,287 - Command entered: HELP
2025-07-19 17:08:24,292 - Command entered: HELP
2025-07-19 17:08:24,298 - Command entered: HELP
2025-07-19 17:08:24,303 - Command entered: HELP
2025-07-19 17:08:24,309 - Command entered: HELP
2025-07-19 17:08:24,314 - Command entered: HELP
2025-07-19 17:08:24,320 - Command entered: HELP
2025-07-19 17:08:24,325 - Command entered: HELP
2025-07-19 17:08:24,331 - Command entered: HELP
2025-07-19 17:08:24,336 - Command entered: HELP
2025-07-19 17:08:24,342 - Command entered: HELP
2025-07-19 17:08:24,348 - Command entered: HELP
2025-07-19 17:08:24,353 - Command entered: HELP
2025-07-19 17:08:24,359 - Command entered: HELP
2025-07-19 17:08:24,364 - Command entered: HELP
2025-07-19 17:08:24,370 - Command entered: HELP
2025-07-19 17:08:24,375 - Command entered: HELP
2025-07-19 17:08:24,381 - Command entered: HELP
2025-07-19 17:08:24,386 - Command entered: HELP
2025-07-19 17:08:24,392 - Command entered: HELP
2025-07-19 17:08:24,397 - Command entered: HELP
2025-07-19 17:08:24,403 - Command entered: HELP
2025-07-19 17:08:24,409 - Command entered: HELP
2025-07-19 17:08:24,414 - Command entered: HELP
2025-07-19 17:08:24,419 - Command entered: HELP
2025-07-19 17:08:24,424 - Command entered: HELP
2025-07-19 17:08:24,430 - Command entered: HELP
2025-07-19 17:08:24,436 - Command entered: HELP
2025-07-19 17:08:24,441 - Command entered: HELP
2025-07-19 17:08:24,447 - Command entered: HELP
2025-07-19 17:08:24,452 - Command entered: HELP
2025-07-19 17:08:24,458 - Command entered: HELP
2025-07-19 17:08:24,463 - Command entered: HELP
2025-07-19 17:08:24,469 - Command entered: HELP
2025-07-19 17:08:24,474 - Command entered: HELP
2025-07-19 17:08:24,480 - Command entered: HELP
2025-07-19 17:08:24,486 - Command entered: HELP
2025-07-19 17:08:24,491 - Command entered: HELP
2025-07-19 17:08:24,497 - Command entered: HELP
2025-07-19 17:08:24,502 - Command entered: HELP
2025-07-19 17:08:24,508 - Command entered: HELP
2025-07-19 17:08:24,513 - Command entered: HELP
2025-07-19 17:08:24,519 - Command entered: HELP
2025-07-19 17:08:24,524 - Command entered: HELP
2025-07-19 17:08:24,530 - Command entered: HELP
2025-07-19 17:08:24,535 - Command entered: HELP
2025-07-19 17:08:24,541 - Command entered: HELP
2025-07-19 17:08:24,546 - Command entered: HELP
2025-07-19 17:08:24,552 - Command entered: HELP
2025-07-19 17:08:24,557 - Command entered: HELP
2025-07-19 17:08:24,563 - Command entered: HELP
2025-07-19 17:08:24,568 - Command entered: HELP
2025-07-19 17:08:24,574 - Command entered: HELP
2025-07-19 17:08:24,579 - Command entered: HELP
2025-07-19 17:08:24,585 - Command entered: HELP
2025-07-19 17:08:24,590 - Command entered: HELP
2025-07-19 17:08:24,596 - Command entered: HELP
2025-07-19 17:08:24,601 - Command entered: HELP
2025-07-19 17:08:24,607 - Command entered: HELP
2025-07-19 17:08:24,612 - Command entered: HELP
2025-07-19 17:08:24,618 - Command entered: HELP
2025-07-19 17:08:24,623 - Command entered: HELP
2025-07-19 17:08:24,629 - Command entered: HELP
2025-07-19 17:08:24,634 - Command entered: HELP
2025-07-19 17:08:24,640 - Command entered: HELP
2025-07-19 17:08:24,645 - Command entered: HELP
2025-07-19 17:08:24,651 - Command entered: HELP
2025-07-19 17:08:24,656 - Command entered: HELP
2025-07-19 17:08:24,662 - Command entered: HELP
2025-07-19 17:08:24,667 - Command entered: HELP
2025-07-19 17:08:24,673 - Command entered: HELP
2025-07-19 17:08:24,678 - Command entered: HELP
2025-07-19 17:08:24,683 - Command entered: HELP
2025-07-19 17:08:24,689 - Command entered: HELP
2025-07-19 17:08:24,694 - Command entered: HELP
2025-07-19 17:08:24,700 - Command entered: HELP
2025-07-19 17:08:24,705 - Command entered: HELP
2025-07-19 17:08:24,711 - Command entered: HELP
2025-07-19 17:08:24,716 - Command entered: HELP
2025-07-19 17:08:24,722 - Command entered: HELP
2025-07-19 17:08:24,727 - Command entered: HELP
2025-07-19 17:08:24,733 - Command entered: HELP
2025-07-19 17:08:24,738 - Command entered: HELP
2025-07-19 17:08:24,744 - Command entered: HELP
2025-07-19 17:08:24,749 - Command entered: HELP
2025-07-19 17:08:24,755 - Command entered: HELP
2025-07-19 17:08:24,760 - Command entered: HELP
2025-07-19 17:08:24,766 - Command entered: HELP
2025-07-19 17:08:24,771 - Command entered: HELP
2025-07-19 17:08:24,777 - Command entered: HELP
2025-07-19 17:08:24,783 - Command entered: HELP
2025-07-19 17:08:24,788 - Command entered: HELP
2025-07-19 17:08:24,794 - Command entered: HELP
2025-07-19 17:08:24,799 - Command entered: HELP
2025-07-19 17:08:24,805 - Command entered: HELP
2025-07-19 17:08:24,810 - Command entered: HELP
2025-07-19 17:08:24,816 - Command entered: HELP
2025-07-19 17:08:24,821 - Command entered: HELP
2025-07-19 17:08:24,827 - Command entered: HELP
2025-07-19 17:08:24,832 - Command entered: HELP
2025-07-19 17:08:24,838 - Command entered: HELP
2025-07-19 17:08:24,843 - Command entered: HELP
2025-07-19 17:08:24,849 - Command entered: HELP
2025-07-19 17:08:24,854 - Command entered: HELP
2025-07-19 17:08:24,860 - Command entered: HELP
2025-07-19 17:08:24,865 - Command entered: HELP
2025-07-19 17:08:24,871 - Command entered: HELP
2025-07-19 17:08:24,876 - Command entered: HELP
2025-07-19 17:08:24,882 - Command entered: HELP
2025-07-19 17:08:24,887 - Command entered: HELP
2025-07-19 17:08:24,893 - Command entered: HELP
2025-07-19 17:08:24,898 - Command entered: HELP
2025-07-19 17:08:24,904 - Command entered: HELP
2025-07-19 17:08:24,909 - Command entered: HELP
2025-07-19 17:08:24,915 - Command entered: HELP
2025-07-19 17:08:24,921 - Command entered: HELP
2025-07-19 17:08:24,926 - Command entered: HELP
2025-07-19 17:08:24,932 - Command entered: HELP
2025-07-19 17:08:24,937 - Command entered: HELP
2025-07-19 17:08:24,942 - Command entered: HELP
2025-07-19 17:08:24,948 - Command entered: HELP
2025-07-19 17:08:24,954 - Command entered: HELP
2025-07-19 17:08:24,959 - Command entered: HELP
2025-07-19 17:08:24,965 - Command entered: HELP
2025-07-19 17:08:24,970 - Command entered: HELP
2025-07-19 17:08:24,976 - Command entered: HELP
2025-07-19 17:08:24,981 - Command entered: HELP
2025-07-19 17:08:24,987 - Command entered: HELP
2025-07-19 17:08:24,992 - Command entered: HELP
2025-07-19 17:08:24,998 - Command entered: HELP
2025-07-19 17:08:25,003 - Command entered: HELP
2025-07-19 17:08:25,009 - Command entered: HELP
2025-07-19 17:08:25,014 - Command entered: HELP
2025-07-19 17:08:25,020 - Command entered: HELP
2025-07-19 17:08:25,025 - Command entered: HELP
2025-07-19 17:08:25,031 - Command entered: HELP
2025-07-19 17:08:25,036 - Command entered: HELP
2025-07-19 17:08:25,042 - Command entered: HELP
2025-07-19 17:08:25,048 - Command entered: HELP
2025-07-19 17:08:25,053 - Command entered: HELP
2025-07-19 17:08:25,059 - Command entered: HELP
2025-07-19 17:08:25,064 - Command entered: HELP
2025-07-19 17:08:25,070 - Command entered: HELP
2025-07-19 17:08:25,075 - Command entered: HELP
2025-07-19 17:08:25,081 - Command entered: HELP
2025-07-19 17:08:25,086 - Command entered: HELP
2025-07-19 17:08:25,092 - Command entered: HELP
2025-07-19 17:08:25,097 - Command entered: HELP
2025-07-19 17:08:25,103 - Command entered: HELP
2025-07-19 17:08:25,108 - Command entered: HELP
2025-07-19 17:08:25,114 - Command entered: HELP
2025-07-19 17:08:25,119 - Command entered: HELP
2025-07-19 17:08:25,125 - Command entered: HELP
2025-07-19 17:08:25,130 - Command entered: HELP
2025-07-19 17:08:25,136 - Command entered: HELP
2025-07-19 17:08:25,141 - Command entered: HELP
2025-07-19 17:08:25,147 - Command entered: HELP
2025-07-19 17:08:25,153 - Command entered: HELP
